> Task :app:preBuild UP-TO-DATE
> Task :app:preDebugBuild UP-TO-DATE
> Task :app:mergeDebugNativeDebugMetadata NO-SOURCE
> Task :app:checkDebugAarMetadata UP-TO-DATE
> Task :app:generateDebugResValues UP-TO-DATE
> Task :app:mapDebugSourceSetPaths UP-TO-DATE
> Task :app:generateDebugResources UP-TO-DATE
> Task :app:mergeDebugResources UP-TO-DATE
> Task :app:packageDebugResources UP-TO-DATE
> Task :app:parseDebugLocalResources UP-TO-DATE
> Task :app:createDebugCompatibleScreenManifests UP-TO-DATE
> Task :app:extractDeepLinksDebug UP-TO-DATE
> Task :app:processDebugMainManifest UP-TO-DATE
> Task :app:processDebugManifest UP-TO-DATE
> Task :app:processDebugManifestForPackage UP-TO-DATE
> Task :app:processDebugResources UP-TO-DATE
> Task :app:compileDebugKotlin NO-SOURCE
> Task :app:javaPreCompileDebug UP-TO-DATE

> Task :app:compileDebugJavaWithJavac FAILED
警告: [options] 源值 8 已过时，将在未来发行版中删除
警告: [options] 目标值 8 已过时，将在未来发行版中删除
警告: [options] 要隐藏有关已过时选项的警告, 请使用 -Xlint:-options。
D:\Android\Myproject\RoomieSplit\app\src\main\java\com\example\roomiesplit\ui\DashboardFragment.java:35: 错误: 找不到符号
                view.findViewById(R.id.card_karma_entry).setOnClickListener(
                                      ^
  符号:   变量 card_karma_entry
  位置: 类 id
1 个错误
3 个警告

[Incubating] Problems report is available at: file:///D:/Android/Myproject/RoomieSplit/build/reports/problems/problems-report.html

FAILURE: Build failed with an exception.

* What went wrong:
Execution failed for task ':app:compileDebugJavaWithJavac'.
> Compilation failed; see the compiler output below.
  警告: [options] 源值 8 已过时，将在未来发行版中删除
  警告: [options] 目标值 8 已过时，将在未来发行版中删除
  警告: [options] 要隐藏有关已过时选项的警告, 请使用 -Xlint:-options。
  D:\Android\Myproject\RoomieSplit\app\src\main\java\com\example\roomiesplit\ui\DashboardFragment.java:35: 错误: 找不到符号
                  view.findViewById(R.id.card_karma_entry).setOnClickListener(
                                        ^
    符号:   变量 card_karma_entry
    位置: 类 id
  1 个错误
  3 个警告

* Try:
> Check your code and dependencies to fix the compilation error(s)
> Run with --scan to get full insights.

Deprecated Gradle features were used in this build, making it incompatible with Gradle 9.0.

You can use '--warning-mode all' to show the individual deprecation warnings and determine if they come from your own scripts or plugins.

For more on this, please refer to https://docs.gradle.org/8.13/userguide/command_line_interface.html#sec:command_line_warnings in the Gradle documentation.

BUILD FAILED in 1s
14 actionable tasks: 1 executed, 13 up-to-date
