
> Configure project :app
WARNING: The option setting 'android.overridePathCheck=true' is experimental.
The current default is 'false'.

> Task :app:preBuild UP-TO-DATE
> Task :app:preDebugBuild UP-TO-DATE
> Task :app:checkDebugAarMetadata UP-TO-DATE
> Task :app:generateDebugResValues UP-TO-DATE
> Task :app:mapDebugSourceSetPaths UP-TO-DATE
> Task :app:generateDebugResources UP-TO-DATE
> Task :app:mergeDebugResources UP-TO-DATE
> Task :app:packageDebugResources UP-TO-DATE
> Task :app:parseDebugLocalResources UP-TO-DATE
> Task :app:createDebugCompatibleScreenManifests UP-TO-DATE
> Task :app:extractDeepLinksDebug UP-TO-DATE
> Task :app:processDebugMainManifest UP-TO-DATE
> Task :app:processDebugManifest UP-TO-DATE
> Task :app:processDebugManifestForPackage UP-TO-DATE
> Task :app:processDebugResources UP-TO-DATE
> Task :app:compileDebugKotlin NO-SOURCE
> Task :app:javaPreCompileDebug UP-TO-DATE

> Task :app:compileDebugJavaWithJavac FAILED
E:\data\roomiesplit\RoomieSplit\app\src\main\java\com\example\roomiesplit\ui\AddBillFragment.java:195: 错误: 已在方法 onCreateView(LayoutInflater,ViewGroup,Bundle)中定义了变量 session
                com.example.roomiesplit.utils.SessionManager session = new com.example.roomiesplit.utils.SessionManager(
                                                             ^
1 个错误

[Incubating] Problems report is available at: file:///E:/data/roomiesplit/RoomieSplit/build/reports/problems/problems-report.html

FAILURE: Build failed with an exception.

* What went wrong:
Execution failed for task ':app:compileDebugJavaWithJavac'.
> Compilation failed; see the compiler output below.
  E:\data\roomiesplit\RoomieSplit\app\src\main\java\com\example\roomiesplit\ui\AddBillFragment.java:195: 错误: 已在方法 onCreateView(LayoutInflater,ViewGroup,Bundle)中定义了变量 session
                  com.example.roomiesplit.utils.SessionManager session = new com.example.roomiesplit.utils.SessionManager(
                                                               ^
  1 个错误

* Try:
> Check your code and dependencies to fix the compilation error(s)
> Run with --scan to get full insights.

Deprecated Gradle features were used in this build, making it incompatible with Gradle 9.0.

You can use '--warning-mode all' to show the individual deprecation warnings and determine if they come from your own scripts or plugins.

For more on this, please refer to https://docs.gradle.org/8.13/userguide/command_line_interface.html#sec:command_line_warnings in the Gradle documentation.

BUILD FAILED in 4s
14 actionable tasks: 1 executed, 13 up-to-date
